C:\MHCI\UIST\DEMOS\PADSERVER\DEBUG\PADSERVER.EXE
C:\MHCI\UIST\DEMOS\PADSERVER\DEBUG\PADSERVER.ILK
C:\MHCI\UIST\DEMOS\PADSERVER\DEBUG\PADSERVER.PDB
C:\mhci\uist\demos\PadServer\PadServer\Debug\cl.command.1.tlog
C:\mhci\uist\demos\PadServer\PadServer\Debug\CL.read.1.tlog
C:\mhci\uist\demos\PadServer\PadServer\Debug\CL.write.1.tlog
C:\mhci\uist\demos\PadServer\PadServer\Debug\link.6004.read.1.tlog
C:\mhci\uist\demos\PadServer\PadServer\Debug\link.6004.write.1.tlog
C:\mhci\uist\demos\PadServer\PadServer\Debug\link.6004-cvtres.read.1.tlog
C:\mhci\uist\demos\PadServer\PadServer\Debug\link.6004-cvtres.write.1.tlog
C:\mhci\uist\demos\PadServer\PadServer\Debug\link.command.1.tlog
C:\mhci\uist\demos\PadServer\PadServer\Debug\link.read.1.tlog
C:\mhci\uist\demos\PadServer\PadServer\Debug\link.write.1.tlog
C:\mhci\uist\demos\PadServer\PadServer\Debug\link-cvtres.read.1.tlog
C:\mhci\uist\demos\PadServer\PadServer\Debug\link-cvtres.write.1.tlog
C:\MHCI\UIST\DEMOS\PADSERVER\PADSERVER\DEBUG\MAIN.OBJ
C:\mhci\uist\demos\PadServer\PadServer\Debug\mt.command.1.tlog
C:\mhci\uist\demos\PadServer\PadServer\Debug\mt.read.1.tlog
C:\mhci\uist\demos\PadServer\PadServer\Debug\mt.write.1.tlog
C:\MHCI\UIST\DEMOS\PADSERVER\PADSERVER\DEBUG\PAD_SIMPLE_API.OBJ
C:\MHCI\UIST\DEMOS\PADSERVER\PADSERVER\DEBUG\PADSERVER.EXE.EMBED.MANIFEST
C:\MHCI\UIST\DEMOS\PADSERVER\PADSERVER\DEBUG\PADSERVER.EXE.EMBED.MANIFEST.RES
C:\MHCI\UIST\DEMOS\PADSERVER\PADSERVER\DEBUG\PADSERVER.EXE.INTERMEDIATE.MANIFEST
C:\mhci\uist\demos\PadServer\PadServer\Debug\PadServer_manifest.rc
C:\mhci\uist\demos\PadServer\PadServer\Debug\rc.command.1.tlog
C:\mhci\uist\demos\PadServer\PadServer\Debug\rc.read.1.tlog
C:\mhci\uist\demos\PadServer\PadServer\Debug\rc.write.1.tlog
C:\mhci\uist\demos\PadServer\PadServer\Debug\vc100.idb
C:\MHCI\UIST\DEMOS\PADSERVER\PADSERVER\DEBUG\VC100.PDB
