C:\MHCI\UIST\GIT\UISTSIC12\SERVER\PADUDPSERVER\DEBUG\PADUDPSERVER.EXE
C:\MHCI\UIST\GIT\UISTSIC12\SERVER\PADUDPSERVER\DEBUG\PADUDPSERVER.ILK
C:\MHCI\UIST\GIT\UISTSIC12\SERVER\PADUDPSERVER\DEBUG\PADUDPSERVER.PDB
C:\mhci\uist\git\uistsic12\server\PadUDPServer\PadServer\Debug\cl.command.1.tlog
C:\mhci\uist\git\uistsic12\server\PadUDPServer\PadServer\Debug\CL.read.1.tlog
C:\mhci\uist\git\uistsic12\server\PadUDPServer\PadServer\Debug\CL.write.1.tlog
C:\mhci\uist\git\uistsic12\server\PadUDPServer\PadServer\Debug\link.8776.read.1.tlog
C:\mhci\uist\git\uistsic12\server\PadUDPServer\PadServer\Debug\link.8776.write.1.tlog
C:\mhci\uist\git\uistsic12\server\PadUDPServer\PadServer\Debug\link.8776-cvtres.read.1.tlog
C:\mhci\uist\git\uistsic12\server\PadUDPServer\PadServer\Debug\link.8776-cvtres.write.1.tlog
C:\mhci\uist\git\uistsic12\server\PadUDPServer\PadServer\Debug\link.command.1.tlog
C:\mhci\uist\git\uistsic12\server\PadUDPServer\PadServer\Debug\link.read.1.tlog
C:\mhci\uist\git\uistsic12\server\PadUDPServer\PadServer\Debug\link.write.1.tlog
C:\mhci\uist\git\uistsic12\server\PadUDPServer\PadServer\Debug\link-cvtres.read.1.tlog
C:\mhci\uist\git\uistsic12\server\PadUDPServer\PadServer\Debug\link-cvtres.write.1.tlog
C:\MHCI\UIST\GIT\UISTSIC12\SERVER\PADUDPSERVER\PADSERVER\DEBUG\MAIN.OBJ
C:\mhci\uist\git\uistsic12\server\PadUDPServer\PadServer\Debug\mt.command.1.tlog
C:\mhci\uist\git\uistsic12\server\PadUDPServer\PadServer\Debug\mt.read.1.tlog
C:\mhci\uist\git\uistsic12\server\PadUDPServer\PadServer\Debug\mt.write.1.tlog
C:\MHCI\UIST\GIT\UISTSIC12\SERVER\PADUDPSERVER\PADSERVER\DEBUG\PAD_SIMPLE_API.OBJ
C:\MHCI\UIST\GIT\UISTSIC12\SERVER\PADUDPSERVER\PADSERVER\DEBUG\PADUDPSERVER.EXE.EMBED.MANIFEST
C:\MHCI\UIST\GIT\UISTSIC12\SERVER\PADUDPSERVER\PADSERVER\DEBUG\PADUDPSERVER.EXE.EMBED.MANIFEST.RES
C:\MHCI\UIST\GIT\UISTSIC12\SERVER\PADUDPSERVER\PADSERVER\DEBUG\PADUDPSERVER.EXE.INTERMEDIATE.MANIFEST
C:\mhci\uist\git\uistsic12\server\PadUDPServer\PadServer\Debug\PadUDPServer_manifest.rc
C:\mhci\uist\git\uistsic12\server\PadUDPServer\PadServer\Debug\rc.command.1.tlog
C:\mhci\uist\git\uistsic12\server\PadUDPServer\PadServer\Debug\rc.read.1.tlog
C:\mhci\uist\git\uistsic12\server\PadUDPServer\PadServer\Debug\rc.write.1.tlog
C:\mhci\uist\git\uistsic12\server\PadUDPServer\PadServer\Debug\vc100.idb
C:\MHCI\UIST\GIT\UISTSIC12\SERVER\PADUDPSERVER\PADSERVER\DEBUG\VC100.PDB
